0 info it worked if it ends with ok
1 verbose cli [ 'node', '/usr/local/bin/npm', 'run', 'coveralls' ]
2 info using npm@1.4.16
3 info using node@v0.10.28
4 verbose node symlink /usr/local/bin/node
5 verbose run-script [ 'precoveralls', 'coveralls', 'postcoveralls' ]
6 info precoveralls application-name@0.0.1
7 info coveralls application-name@0.0.1
8 verbose unsafe-perm in lifecycle true
9 info application-name@0.0.1 Failed to exec coveralls script
10 error application-name@0.0.1 coveralls: `jscoverage lib && YOURPACKAGE_COVERAGE=1 nodeunit --reporter=lcov test | coveralls`
10 error Exit status 8
11 error Failed at the application-name@0.0.1 coveralls script.
11 error This is most likely a problem with the application-name package,
11 error not with npm itself.
11 error Tell the author that this fails on your system:
11 error     jscoverage lib && YOURPACKAGE_COVERAGE=1 nodeunit --reporter=lcov test | coveralls
11 error You can get their info via:
11 error     npm owner ls application-name
11 error There is likely additional logging output above.
12 error System Darwin 13.3.0
13 error command "node" "/usr/local/bin/npm" "run" "coveralls"
14 error cwd /Users/ys2n/Code/node/kidx
15 error node -v v0.10.28
16 error npm -v 1.4.16
17 error code ELIFECYCLE
18 verbose exit [ 1, true ]
